{"qref": "17_2275", "item": "Ravindra Shyamnarayan alias Ravi Kishan Shukla", "message": "0 match for question by"}
{"qref": "17_9680", "item": "Mohanbhai Sanjibhai Delkar", "message": "0 match for question by"}
{"qref": "17_9507", "item": "Imtiaz Jaleel Syed", "message": "0 match for question by"}
{"qref": "17_128", "item": "Ravindra Shyamnarayan alias Ravi Kishan Shukla", "message": "0 match for question by"}
{"qref": "17_11", "item": "Ravindra Shyamnarayan alias Ravi Kishan Shukla", "message": "0 match for question by"}
{"qref": "17_20", "item": "Ravindra Shyamnarayan alias Ravi Kishan Shukla", "message": "0 match for question by"}
{"qref": "17_151", "item": "Kirit Premjibhai Solanki", "message": "0 match for question by"}
{"qref": "17_93", "item": "Kirit Premjibhai Solanki", "message": "0 match for question by"}
{"qref": "17_10801", "item": "Dilip Ghosh", "message": "0 match for question by"}
{"qref": "17_183", "item": "Kirit Premjibhai Solanki", "message": "0 match for question by"}
{"qref": "17_389", "item": "Kirit Premjibhai Solanki", "message": "0 match for question by"}
{"qref": "17_234", "item": "Kirit Premjibhai Solanki", "message": "0 match for question by"}
{"qref": "17_427", "item": "Ramapati Ram Tripathi", "message": "0 match for question by"}
{"qref": "17_429", "item": "Veena Devi", "message": "2 match for question by"}
{"qref": "17_344", "item": "Kirit Premjibhai Solanki", "message": "0 match for question by"}
{"qref": "17_454", "item": "Ramapati Ram Tripathi", "message": "0 match for question by"}
{"qref": "17_374", "item": "Ravindra Shyamnarayan alias Ravi Kishan Shukla", "message": "0 match for question by"}
{"qref": "17_511", "item": "Kirit Premjibhai Solanki", "message": "0 match for question by"}
{"qref": "17_677", "item": "Ramapati Ram Tripathi", "message": "0 match for question by"}
{"qref": "17_531", "item": "Ravindra Shyamnarayan alias Ravi Kishan Shukla", "message": "0 match for question by"}
{"qref": "17_593", "item": "Ravindra Shyamnarayan alias Ravi Kishan Shukla", "message": "0 match for question by"}
{"qref": "17_592", "item": "Ravindra Shyamnarayan alias Ravi Kishan Shukla", "message": "0 match for question by"}
{"qref": "17_700", "item": "Ravindra Shyamnarayan alias Ravi Kishan Shukla", "message": "0 match for question by"}
{"qref": "17_561", "item": "Ramapati Ram Tripathi", "message": "0 match for question by"}
{"qref": "17_558", "item": "Kirit Premjibhai Solanki", "message": "0 match for question by"}
{"qref": "17_717", "item": "Kirit Premjibhai Solanki", "message": "0 match for question by"}
{"qref": "17_472", "item": "Ravindra Shyamnarayan alias Ravi Kishan Shukla", "message": "0 match for question by"}
{"qref": "17_458", "item": "Rajkumar Chahar", "message": "0 match for question by"}
{"qref": "17_757", "item": "Upendra Singh Rawat", "message": "0 match for question by"}
{"qref": "17_690", "item": "Rebati Tripura", "message": "0 match for question by"}
{"qref": "17_716", "item": "Kirit Premjibhai Solanki", "message": "0 match for question by"}
{"qref": "17_865", "item": "Anurag Sharma", "message": "0 match for question by"}
{"qref": "17_952", "item": "Ramapati Ram Tripathi", "message": "0 match for question by"}
{"qref": "17_907", "item": "Ravindra Shyamnarayan alias Ravi Kishan Shukla", "message": "0 match for question by"}
{"qref": "17_825", "item": "Rebati Tripura", "message": "0 match for question by"}
{"qref": "17_939", "item": "Rebati Tripura", "message": "0 match for question by"}
{"qref": "17_837", "item": "Ritesh Pandey", "message": "0 match for question by"}
{"qref": "17_861", "item": "Anurag Sharma", "message": "0 match for question by"}
{"qref": "17_855", "item": "Ravindra Shyamnarayan alias Ravi Kishan Shukla", "message": "0 match for question by"}
{"qref": "17_859", "item": "Kirit Premjibhai Solanki", "message": "0 match for question by"}
{"qref": "17_883", "item": "Rebati Tripura", "message": "0 match for question by"}
{"qref": "17_1213", "item": "Ravindra Shyamnarayan alias Ravi Kishan Shukla", "message": "0 match for question by"}
{"qref": "17_886", "item": "Ramapati Ram Tripathi", "message": "0 match for question by"}
{"qref": "17_849", "item": "Kirit Premjibhai Solanki", "message": "0 match for question by"}
{"qref": "17_915", "item": "Kirit Premjibhai Solanki", "message": "0 match for question by"}
{"qref": "17_961", "item": "Ritesh Pandey", "message": "0 match for question by"}
{"qref": "17_628", "item": "Ritesh Pandey", "message": "0 match for question by"}
{"qref": "17_1049", "item": "Upendra Singh Rawat", "message": "0 match for question by"}
{"qref": "17_1198", "item": "Ritesh Pandey", "message": "0 match for question by"}
{"qref": "17_1200", "item": "Khagen Murmu", "message": "0 match for question by"}
{"qref": "17_1026", "item": "Anurag Sharma", "message": "0 match for question by"}
{"qref": "17_1051", "item": "Kirit Premjibhai Solanki", "message": "0 match for question by"}
{"qref": "17_10987", "item": "DNV Senthilkumar. S.", "message": "0 match for question by"}
{"qref": "17_1004", "item": "Imtiaz Jaleel Syed", "message": "0 match for question by"}
{"qref": "17_10815", "item": "DNV Senthilkumar. S.", "message": "0 match for question by"}
{"qref": "17_10816", "item": "Jayanta Kumar Roy", "message": "0 match for question by"}
{"qref": "17_10979", "item": "Jayanta Kumar Roy", "message": "0 match for question by"}
{"qref": "17_10936", "item": "Jayanta Kumar Roy", "message": "0 match for question by"}
{"qref": "17_10938", "item": "Sambhajirao Mane Dhairyasheel", "message": "0 match for question by"}
{"qref": "17_1062", "item": "Uday Pratap Singh", "message": "2 match for question by"}
{"qref": "17_1054", "item": "Rajkumar Chahar", "message": "0 match for question by"}
{"qref": "17_1132", "item": " Imtiaz Jaleel Syed", "message": "0 match for question by"}
{"qref": "17_1053", "item": "Ravindra Shyamnarayan alias Ravi Kishan Shukla", "message": "0 match for question by"}
{"qref": "17_1117", "item": "Khagen Murmu", "message": "0 match for question by"}
{"qref": "17_1010", "item": "Ravindra Shyamnarayan alias Ravi Kishan Shukla", "message": "0 match for question by"}
{"qref": "17_1007", "item": "Ravindra Shyamnarayan alias Ravi Kishan Shukla", "message": "0 match for question by"}
{"qref": "17_1106", "item": "Ramapati Ram Tripathi", "message": "0 match for question by"}
{"qref": "17_1071", "item": "Ritesh Pandey", "message": "0 match for question by"}
{"qref": "17_990", "item": "Khagen Murmu", "message": "0 match for question by"}
{"qref": "17_1136", "item": "Uday Pratap Singh", "message": "2 match for question by"}
{"qref": "17_1195", "item": "Kirit Premjibhai Solanki", "message": "0 match for question by"}
{"qref": "17_1172", "item": "Rebati Tripura", "message": "0 match for question by"}
{"qref": "17_1027", "item": "Anurag Sharma", "message": "0 match for question by"}
{"qref": "17_1138", "item": " Imtiaz Jaleel Syed", "message": "0 match for question by"}
{"qref": "17_1037", "item": "Khagen Murmu", "message": "0 match for question by"}
{"qref": "17_1385", "item": "Kirit Premjibhai Solanki", "message": "0 match for question by"}
{"qref": "17_1285", "item": "Ritesh Pandey", "message": "0 match for question by"}
{"qref": "17_1397", "item": "Anurag Sharma", "message": "0 match for question by"}
{"qref": "17_1402", "item": "Ravindra Shyamnarayan alias Ravi Kishan Shukla", "message": "0 match for question by"}
{"qref": "17_1403", "item": "Imtiaz Jaleel Syed", "message": "0 match for question by"}
{"qref": "17_1269", "item": "Ravindra Shyamnarayan alias Ravi Kishan Shukla", "message": "0 match for question by"}
{"qref": "17_1225", "item": "Ravindra Shyamnarayan alias Ravi Kishan Shukla", "message": "0 match for question by"}
{"qref": "17_1355", "item": " Imtiaz Jaleel Syed", "message": "0 match for question by"}
{"qref": "17_1410", "item": " Imtiaz Jaleel Syed", "message": "0 match for question by"}
{"qref": "17_1460", "item": "Uday Pratap Singh", "message": "2 match for question by"}
{"qref": "17_1325", "item": "Khagen Murmu", "message": "0 match for question by"}
{"qref": "17_1357", "item": "Ramapati Ram Tripathi", "message": "0 match for question by"}
{"qref": "17_1231", "item": "Rebati Tripura", "message": "0 match for question by"}



######## Lok Sabha Question Crawler 2020-01-24 12:51:45.912510 ###########
{"qref": "17_1313", "item": "Ritesh Pandey", "message": "0 match for question by"}
{"qref": "17_1382", "item": "Khagen Murmu", "message": "0 match for question by"}
{"qref": "17_1361", "item": "Ravindra Shyamnarayan alias Ravi Kishan Shukla", "message": "0 match for question by"}
{"qref": "17_1333", "item": "Kirit Premjibhai Solanki", "message": "0 match for question by"}
{"qref": "17_1440", "item": "Kirit Premjibhai Solanki", "message": "0 match for question by"}
{"qref": "17_1447", "item": "Imtiaz Jaleel Syed", "message": "0 match for question by"}
{"qref": "17_1340", "item": "Ramapati Ram Tripathi", "message": "0 match for question by"}
{"qref": "17_1366", "item": "Khagen Murmu", "message": "0 match for question by"}
{"qref": "17_1321", "item": "Ritesh Pandey", "message": "0 match for question by"}
{"qref": "17_1351", "item": "Ravindra Shyamnarayan alias Ravi Kishan Shukla", "message": "0 match for question by"}
{"qref": "17_1324", "item": "Rebati Tripura", "message": "0 match for question by"}
{"qref": "17_1453", "item": "Kirit Premjibhai Solanki", "message": "0 match for question by"}
{"qref": "17_1219", "item": "Rebati Tripura", "message": "0 match for question by"}
{"qref": "17_1560", "item": " Imtiaz Jaleel Syed", "message": "0 match for question by"}
{"qref": "17_1513", "item": "Ritesh Pandey", "message": "0 match for question by"}
{"qref": "17_1525", "item": "Upendra Singh Rawat", "message": "0 match for question by"}
{"qref": "17_1618", "item": "Rebati Tripura", "message": "0 match for question by"}
{"qref": "17_1603", "item": "Uday Pratap Singh", "message": "2 match for question by"}
{"qref": "17_1702", "item": "Rebati Tripura", "message": "0 match for question by"}
{"qref": "17_1496", "item": "Vijay Kumar Dubey", "message": "0 match for question by"}
{"qref": "17_1703", "item": "Ravindra Shyamnarayan alias Ravi Kishan Shukla", "message": "0 match for question by"}
{"qref": "17_1530", "item": "Kirit Premjibhai Solanki", "message": "0 match for question by"}



######## Rajya Sabha Question Crawler 2020-01-24 22:16:13.266315 ###########



######## Lok Sabha Question Crawler 2020-01-24 22:16:13.358476 ###########
{"qref": "250_UNSTARRED_3036", "item": "Shri       Rathwa Naranbhai Jemlabhai             ", "message": "0 match for question by"}
{"qref": "250_UNSTARRED_3011", "item": "Shri      Devender Paul Vats                      ", "message": "0 match for question by"}
{"qref": "250_UNSTARRED_2865", "item": "Shri       Rathwa Naranbhai Jemlabhai             ", "message": "0 match for question by"}
{"qref": "250_UNSTARRED_2810", "item": "Shri      Devender Paul Vats                      ", "message": "0 match for question by"}
{"qref": "250_UNSTARRED_2765", "item": "Shri       Rathwa Naranbhai Jemlabhai             ", "message": "0 match for question by"}
{"qref": "250_UNSTARRED_2751", "item": "Shri      Devender Paul Vats                      ", "message": "0 match for question by"}
{"qref": "250_UNSTARRED_2690", "item": "Shri      Devender Paul Vats                      ", "message": "0 match for question by"}
{"qref": "250_UNSTARRED_2651", "item": "Shri      Devender Paul Vats                      ", "message": "0 match for question by"}



######## Lok Sabha Question Crawler 2020-01-24 22:32:40.212255 ###########
{"qref": "17_128", "item": "Ravindra Shyamnarayan alias Ravi Kishan Shukla", "message": "0 match for question by"}
{"qref": "17_11", "item": "Ravindra Shyamnarayan alias Ravi Kishan Shukla", "message": "0 match for question by"}
{"qref": "17_20", "item": "Ravindra Shyamnarayan alias Ravi Kishan Shukla", "message": "0 match for question by"}
{"qref": "17_2449", "item": "Rebati Tripura", "message": "0 match for question by"}
{"qref": "17_2423", "item": "Khagen Murmu", "message": "0 match for question by"}
{"qref": "17_2267", "item": "Imtiaz Jaleel Syed", "message": "0 match for question by"}
{"qref": "17_151", "item": "Kirit Premjibhai Solanki", "message": "0 match for question by"}
{"qref": "17_93", "item": "Kirit Premjibhai Solanki", "message": "0 match for question by"}
{"qref": "17_183", "item": "Kirit Premjibhai Solanki", "message": "0 match for question by"}
{"qref": "17_205", "item": "Kirit Premjibhai Solanki", "message": "0 match for question by"}
{"qref": "17_389", "item": "Kirit Premjibhai Solanki", "message": "0 match for question by"}
{"qref": "17_289", "item": "Ramapati Ram Tripathi", "message": "0 match for question by"}
{"qref": "17_365", "item": "Veena Devi", "message": "2 match for question by"}
{"qref": "17_427", "item": "Ramapati Ram Tripathi", "message": "0 match for question by"}
{"qref": "17_429", "item": "Veena Devi", "message": "2 match for question by"}
{"qref": "17_234", "item": "Kirit Premjibhai Solanki", "message": "0 match for question by"}
{"qref": "17_344", "item": "Kirit Premjibhai Solanki", "message": "0 match for question by"}
{"qref": "17_454", "item": "Ramapati Ram Tripathi", "message": "0 match for question by"}
{"qref": "17_374", "item": "Ravindra Shyamnarayan alias Ravi Kishan Shukla", "message": "0 match for question by"}



######## Lok Sabha Question Crawler 2020-01-25 13:35:46.187445 ###########
{"qref": "17_2718", "item": "Khagen Murmu", "message": "0 match for question by"}
{"qref": "17_2895", "item": "Ritesh Pandey", "message": "0 match for question by"}
{"qref": "17_128", "item": "Ravindra Shyamnarayan alias Ravi Kishan Shukla", "message": "0 match for question by"}
{"qref": "17_11", "item": "Ravindra Shyamnarayan alias Ravi Kishan Shukla", "message": "0 match for question by"}
{"qref": "17_20", "item": "Ravindra Shyamnarayan alias Ravi Kishan Shukla", "message": "0 match for question by"}



######## Lok Sabha Question Crawler 2020-01-28 18:12:35.140390 ###########
{"qref": "17_2421", "item": "Kirit Premjibhai Solanki", "message": "0 match for question by"}



######## Lok Sabha Question Crawler 2020-02-10 15:36:38.911428 ###########
{"qref": "15_71168", "item": "WATER RESOURCES", "message": "ministry not found"}
{"qref": "15_71094", "item": "ENVIRONMENT AND FORESTS", "message": "ministry not found"}
{"qref": "15_70944", "item": "URBAN DEVELOPMENT", "message": "ministry not found"}
{"qref": "15_70945", "item": "URBAN DEVELOPMENT", "message": "ministry not found"}
{"qref": "15_72603", "item": "WATER RESOURCES", "message": "ministry not found"}
{"qref": "15_72604", "item": "WATER RESOURCES", "message": "ministry not found"}



######## Lok Sabha Question Crawler 2020-02-10 15:38:35.208928 ###########



######## Lok Sabha Question Crawler 2020-02-10 15:40:45.297406 ###########



######## Lok Sabha Question Crawler 2020-02-10 15:41:40.406279 ###########
{"qref": "17_11", "item": "Ravindra Shyamnarayan alias Ravi Kishan Shukla", "message": "0 match for question by"}



######## Rajya Sabha Question Crawler 2020-02-10 16:04:28.768915 ###########



######## Lok Sabha Question Crawler 2020-02-10 16:04:28.849886 ###########
{"qref": "250_UNSTARRED_3036", "item": "Rathwa Naranbhai Jemlabhai", "message": "0 match for question by"}
{"qref": "250_UNSTARRED_3011", "item": "Devender Paul Vats", "message": "0 match for question by"}
